[debug] [2021-08-20T21:23:00.227Z] ----------------------------------------------------------------------
[debug] [2021-08-20T21:23:00.229Z] Command:       C:\Program Files\nodejs\node.exe C:\Users\i3\AppData\Roaming\npm\node_modules\firebase-tools\lib\bin\firebase.js init
[debug] [2021-08-20T21:23:00.230Z] CLI Version:   9.14.0
[debug] [2021-08-20T21:23:00.230Z] Platform:      win32
[debug] [2021-08-20T21:23:00.230Z] Node Version:  v14.3.0
[debug] [2021-08-20T21:23:00.231Z] Time:          Fri Aug 20 2021 17:23:00 GMT-0400 (hora estándar de Paraguay)
[debug] [2021-08-20T21:23:00.231Z] ----------------------------------------------------------------------
[debug] 
[debug] [2021-08-20T21:23:00.238Z] >>> [apiv2][query] GET https://firebase-public.firebaseio.com/cli.json [none]
[debug] [2021-08-20T21:23:00.260Z] > command requires scopes: ["email","openid","https://www.googleapis.com/auth/cloudplatformprojects.readonly","https://www.googleapis.com/auth/firebase","https://www.googleapis.com/auth/cloud-platform"]
[debug] [2021-08-20T21:23:00.261Z] > authorizing via signed-in user (guillepaivag@gmail.com)
[info] 
     ######## #### ########  ######## ########     ###     ######  ########
     ##        ##  ##     ## ##       ##     ##  ##   ##  ##       ##
     ######    ##  ########  ######   ########  #########  ######  ######
     ##        ##  ##    ##  ##       ##     ## ##     ##       ## ##
     ##       #### ##     ## ######## ########  ##     ##  ######  ########

You're about to initialize a Firebase project in this directory:

  C:\Users\i3\Desktop\PDGP\Carrera\SD\WebSocketsCamasUTI\TP-WEBSOCKET\Client

[debug] [2021-08-20T21:23:00.913Z] <<< [apiv2][status] GET https://firebase-public.firebaseio.com/cli.json 200
[debug] [2021-08-20T21:23:00.913Z] <<< [apiv2][body] GET https://firebase-public.firebaseio.com/cli.json {"cloudBuildErrorAfter":1594252800000,"cloudBuildWarnAfter":1590019200000,"defaultNode10After":1594252800000,"minVersion":"3.0.5","node8DeploysDisabledAfter":1613390400000,"node8RuntimeDisabledAfter":1615809600000,"node8WarnAfter":1600128000000}
